<?xml version="1.0" encoding="UTF-8"?>
<testsuite xmlns:xsi="http://www.w3.org/2001/XMLSchema-instance" xsi:noNamespaceSchemaLocation="https://maven.apache.org/surefire/maven-surefire-plugin/xsd/surefire-test-report.xsd" version="3.0.2" name="com.mycompany.app.SqrtTest" time="0.039" tests="13" errors="0" skipped="0" failures="0">
  <properties>
[...]
</properties>
  <testcase name="testGoodReturnsTrueWhenAccurate" classname="com.mycompany.app.SqrtTest" time="0.003"/>
  <testcase name="testAverageWithZero" classname="com.mycompany.app.SqrtTest" time="0.0"/>
  <testcase name="testCalcSqrt1" classname="com.mycompany.app.SqrtTest" time="0.0"/>
  <testcase name="testCalcSqrt2" classname="com.mycompany.app.SqrtTest" time="0.0"/>
  <testcase name="testCalcSqrt4" classname="com.mycompany.app.SqrtTest" time="0.0"/>
  <testcase name="testCalcSqrt9" classname="com.mycompany.app.SqrtTest" time="0.0"/>
  <testcase name="testAveragePositiveNumbers" classname="com.mycompany.app.SqrtTest" time="0.0"/>
  <testcase name="testAverageNegativeNumbers" classname="com.mycompany.app.SqrtTest" time="0.0"/>
  <testcase name="testGoodReturnsFalseWhenInaccurate" classname="com.mycompany.app.SqrtTest" time="0.0"/>
  <testcase name="testIterAlreadyGood" classname="com.mycompany.app.SqrtTest" time="0.0"/>
  <testcase name="testImprove" classname="com.mycompany.app.SqrtTest" time="0.0"/>
  <testcase name="testCalcSqrtFraction" classname="com.mycompany.app.SqrtTest" time="0.0"/>
  <testcase name="testCalcSqrtLargeNumber" classname="com.mycompany.app.SqrtTest" time="0.0"/>
</testsuite>